04/jul/2021 10:45:37,539- App: Inicio del sistema
04/jul/2021 10:45:37,723- VentanaInicial: Creado el panel de la ventana gr·fica inicial.
04/jul/2021 10:45:37,723- VentanaInicial: AÒadido botÛn para acceder a Grafana en la interfaz gr·fica inicial.
04/jul/2021 10:45:37,739- VentanaInicial: AÒadido botÛn para ver en una ventana diferente las medidas guardadas de la temperatura.
04/jul/2021 10:45:37,739- VentanaInicial: AÒadido botÛn para guardar en un PDF las medidas de la temepratura que hay almacenadas en la base de datos.
04/jul/2021 10:45:37,739- VentanaInicial: AÒadido botÛn para calcular la tendencia de las medidas de temperatura seg˙n la regresiÛn lineal.
04/jul/2021 10:45:37,739- VentanaInicial: AÒadido botÛn para pausar el an·lisis de las medidas de temepratura.
04/jul/2021 10:45:37,739- VentanaInicial: AÒadido botÛn para cambiar el umbral del an·lisis de temeperatura.
04/jul/2021 10:45:37,739- VentanaInicial: AÒadido botÛn para guardar en un PDF la informaciÛn de la ejecuciÛn actual.
04/jul/2021 10:45:37,739- VentanaInicial: AÒadido botÛn para abrir la carpeta con los ficheros generados.
04/jul/2021 10:45:37,777- VentanaInicial: AÒadida a la ventana inicial el area de texto donde se visualizar· la informaciÛn de la ejecuciÛn actual.
04/jul/2021 10:45:37,778- AnalizadorTermico: Umbral de temperatura configurado en 30.0 ∫C.
04/jul/2021 10:45:37,778- AnalizadorTermico: Nuevo analizador TÈrmico
04/jul/2021 10:45:37,778- App: AÒadido Analizador de temperatura a la lista de Analizadores.
04/jul/2021 10:45:47,255- VentanaInicial: Solicitud para crear el fichero pdf con las medidas de las temperaturas.
04/jul/2021 10:45:49,459- App: Llamada a la funciÛn que imprime la lista de los datos de temperatura almacenados.
04/jul/2021 10:45:49,575- App: ConexiÛn con la base de datos realizada correctamente
04/jul/2021 10:45:49,575- App: Sentencia SQL SELECT a la base de datos de la medida temperatura
04/jul/2021 10:45:49,918- App: Lista de datos de temperatura almacenada en el sistema, lista para imprimir.
04/jul/2021 10:45:50,115- App: PDF con las medidas de las temperaturas generado correctamente en la carpeta: "C:\Users\mrrtr\eclipse-workspace\tfg\ficheros" .
04/jul/2021 10:52:53,122- App: Inicio del sistema
04/jul/2021 10:52:53,554- VentanaInicial: Creado el panel de la ventana gr√°fica inicial.
04/jul/2021 10:52:53,559- VentanaInicial: A√±adido bot√≥n para acceder a Grafana en la interfaz gr√°fica inicial.
04/jul/2021 10:52:53,574- VentanaInicial: A√±adido bot√≥n para ver en una ventana diferente las medidas guardadas de la temperatura.
04/jul/2021 10:52:53,574- VentanaInicial: A√±adido bot√≥n para guardar en un PDF las medidas de la temepratura que hay almacenadas en la base de datos.
04/jul/2021 10:52:53,574- VentanaInicial: A√±adido bot√≥n para calcular la tendencia de las medidas de temperatura seg√∫n la regresi√≥n lineal.
04/jul/2021 10:52:53,574- VentanaInicial: A√±adido bot√≥n para pausar el an√°lisis de las medidas de temepratura.
04/jul/2021 10:52:53,590- VentanaInicial: A√±adido bot√≥n para cambiar el umbral del an√°lisis de temeperatura.
04/jul/2021 10:52:53,590- VentanaInicial: A√±adido bot√≥n para guardar en un PDF la informaci√≥n de la ejecuci√≥n actual.
04/jul/2021 10:52:53,590- VentanaInicial: A√±adido bot√≥n para abrir la carpeta con los ficheros generados.
04/jul/2021 10:52:53,669- VentanaInicial: A√±adida a la ventana inicial el area de texto donde se visualizar√° la informaci√≥n de la ejecuci√≥n actual.
04/jul/2021 10:52:53,685- AnalizadorTermico: Umbral de temperatura configurado en 30.0 ¬∫C.
04/jul/2021 10:52:53,685- AnalizadorTermico: Nuevo analizador T√©rmico
04/jul/2021 10:52:53,685- App: A√±adido Analizador de temperatura a la lista de Analizadores.
04/jul/2021 10:52:59,902- VentanaInicial: Iniciando el sistema de an√°lisis de datos.
04/jul/2021 10:53:01,772- App: Conexi√≥n con la base de datos realizada correctamente.
04/jul/2021 10:53:01,773- App: Iniciando an√°lisis de la temperatura
04/jul/2021 10:53:01,773- App: Sentencia SQL SELECT a la base de datos de la medida temperatura
04/jul/2021 10:53:02,024- App: Inicio del an√°lisis de la temperatura
04/jul/2021 10:53:02,024- AnalizadorTermico: Iniciado el hilo del analizador de inercia t√©rmica.
04/jul/2021 10:53:02,024- AnalizadorTermico: Analizador T√©rmico esperando a que haya nuevos datos.
04/jul/2021 10:53:02,040- App: Primer An√°lisis T√©rmico.
04/jul/2021 10:53:02,040- App: Notificaci√≥n al Analizador de Temperatura para iniciar el c√°lculo de la tendencia.
04/jul/2021 10:53:02,040- App: Fechas de cada medida en formato double para el an√°lisis mediante la regresi√≥n lineal.
04/jul/2021 10:53:02,040- AnalizadorTermico: Analizador T√©rmico recibe notificaci√≥n de nuevos datos.
04/jul/2021 10:53:02,040- AnalizadorTermico: An√°lisis de la tendencia de la temperatura mediante la regresi√≥n lineal.
04/jul/2021 10:53:02,040- AnalizadorTermico: An√°lisis de la temperatura por regresi√≥n lineal iniciado.
04/jul/2021 10:53:02,040- App: No hay nuevos datos de temperatura en la base de datos.
04/jul/2021 10:53:02,064- AnalizadorTermico: La predicci√≥n de temperatura dentro de 30 minutos ser√° de 24.616476081107976 seg√∫n el an√°lisis de regresi√≥n lineal.
04/jul/2021 10:53:02,064- AnalizadorTermico: La predicci√≥n de temperatura no ha superado el umbral 30.0¬∫C.

04/jul/2021 10:53:02,064- AnalizadorTermico: An√°lisis finalizado. Espere 15 segundos para comprobar si hay nuevos datos del sensor.
04/jul/2021 10:53:04,050- App: Espera de 15 segundos
04/jul/2021 10:53:17,067- AnalizadorTermico: Analizador T√©rmico esperando a que haya nuevos datos.
04/jul/2021 10:53:19,121- App: Analizador de temperatura "durmiendo"
04/jul/2021 10:53:19,146- App: Nueva solicitud de datos para comprobar si hay datos nuevos.
04/jul/2021 10:53:19,146- App: Fechas de cada medida en formato double para el an√°lisis mediante la regresi√≥n lineal.
04/jul/2021 10:53:19,146- App: No hay nuevos datos de temperatura en la base de datos.
04/jul/2021 10:53:21,149- App: Espera de 15 segundos
04/jul/2021 10:53:36,217- App: Analizador de temperatura "durmiendo"
04/jul/2021 10:53:36,226- App: Nueva solicitud de datos para comprobar si hay datos nuevos.
04/jul/2021 10:53:36,226- App: Fechas de cada medida en formato double para el an√°lisis mediante la regresi√≥n lineal.
04/jul/2021 10:53:36,229- App: No hay nuevos datos de temperatura en la base de datos.
04/jul/2021 10:53:38,233- App: Espera de 15 segundos
04/jul/2021 10:53:53,347- App: Analizador de temperatura "durmiendo"
04/jul/2021 10:53:53,368- App: Nueva solicitud de datos para comprobar si hay datos nuevos.
04/jul/2021 10:53:53,368- App: Fechas de cada medida en formato double para el an√°lisis mediante la regresi√≥n lineal.
04/jul/2021 10:53:53,369- App: Hay datos nuevos del sensor. Comienza el An√°lisis T√©rmico.
04/jul/2021 10:53:53,369- App: Notificaci√≥n al Analizador de Temperatura para iniciar el c√°lculo de la tendencia.
04/jul/2021 10:53:53,369- AnalizadorTermico: Analizador T√©rmico recibe notificaci√≥n de nuevos datos.
04/jul/2021 10:53:53,369- AnalizadorTermico: An√°lisis de la tendencia de la temperatura mediante la regresi√≥n lineal.
04/jul/2021 10:53:53,369- AnalizadorTermico: An√°lisis de la temperatura por regresi√≥n lineal iniciado.
04/jul/2021 10:53:53,369- AnalizadorTermico: La predicci√≥n de temperatura dentro de 30 minutos ser√° de 24.76753033314162 seg√∫n el an√°lisis de regresi√≥n lineal.
04/jul/2021 10:53:53,385- AnalizadorTermico: La predicci√≥n de temperatura no ha superado el umbral 30.0¬∫C.

04/jul/2021 10:53:53,385- AnalizadorTermico: An√°lisis finalizado. Espere 15 segundos para comprobar si hay nuevos datos del sensor.
04/jul/2021 10:53:55,370- App: Espera de 15 segundos
04/jul/2021 10:53:57,700- VentanaMuestraMedidas: Creado el panel de la ventana gr√°fica que muestra las medidas de temperatura.
04/jul/2021 10:53:57,709- VentanaMuestraMedidas: A√±adida a la ventana gr√°fica el area de texto donde se visualizar√°n las medidas de temperatura almacenadas.
04/jul/2021 10:53:57,749- App: Llamada a la funci√≥n que imprime la lista de los datos de temperatura almacenados.
04/jul/2021 10:53:57,770- App: Conexi√≥n con la base de datos realizada correctamente
04/jul/2021 10:53:57,771- App: Sentencia SQL SELECT a la base de datos de la medida temperatura
04/jul/2021 10:53:57,864- App: Lista de datos de temperatura almacenada en el sistema, lista para imprimir.
04/jul/2021 10:53:57,880- VentanaInicial: Medidas de Temperatura mostradas en la interfaz de usuario.
04/jul/2021 10:54:08,399- AnalizadorTermico: Analizador T√©rmico esperando a que haya nuevos datos.
04/jul/2021 10:54:10,464- App: Analizador de temperatura "durmiendo"
04/jul/2021 10:54:10,501- App: Nueva solicitud de datos para comprobar si hay datos nuevos.
04/jul/2021 10:54:10,501- App: Fechas de cada medida en formato double para el an√°lisis mediante la regresi√≥n lineal.
04/jul/2021 10:54:10,501- App: No hay nuevos datos de temperatura en la base de datos.
04/jul/2021 10:54:12,509- App: Espera de 15 segundos
04/jul/2021 10:54:27,665- App: Analizador de temperatura "durmiendo"
04/jul/2021 10:54:27,676- App: Nueva solicitud de datos para comprobar si hay datos nuevos.
04/jul/2021 10:54:27,676- App: Fechas de cada medida en formato double para el an√°lisis mediante la regresi√≥n lineal.
04/jul/2021 10:54:27,678- App: No hay nuevos datos de temperatura en la base de datos.
04/jul/2021 10:54:29,681- App: Espera de 15 segundos
04/jul/2021 10:54:42,681- VentanaMuestraMedidas: Creado el panel de la ventana gr√°fica que muestra las medidas de temperatura.
04/jul/2021 10:54:42,684- VentanaMuestraMedidas: A√±adida a la ventana gr√°fica el area de texto donde se visualizar√°n las medidas de temperatura almacenadas.
04/jul/2021 10:54:42,721- App: Llamada a la funci√≥n que imprime la lista de los datos de temperatura almacenados.
04/jul/2021 10:54:42,747- App: Conexi√≥n con la base de datos realizada correctamente
04/jul/2021 10:54:42,748- App: Sentencia SQL SELECT a la base de datos de la medida temperatura
04/jul/2021 10:54:42,809- App: Lista de datos de temperatura almacenada en el sistema, lista para imprimir.
04/jul/2021 10:54:42,811- VentanaInicial: Medidas de Temperatura mostradas en la interfaz de usuario.
04/jul/2021 10:54:44,785- App: Analizador de temperatura "durmiendo"
04/jul/2021 10:54:44,790- App: Nueva solicitud de datos para comprobar si hay datos nuevos.
04/jul/2021 10:54:44,790- App: Fechas de cada medida en formato double para el an√°lisis mediante la regresi√≥n lineal.
04/jul/2021 10:54:44,792- App: Hay datos nuevos del sensor. Comienza el An√°lisis T√©rmico.
04/jul/2021 10:54:44,792- App: Notificaci√≥n al Analizador de Temperatura para iniciar el c√°lculo de la tendencia.
04/jul/2021 10:54:44,792- AnalizadorTermico: Analizador T√©rmico recibe notificaci√≥n de nuevos datos.
04/jul/2021 10:54:44,793- AnalizadorTermico: An√°lisis de la tendencia de la temperatura mediante la regresi√≥n lineal.
04/jul/2021 10:54:44,793- AnalizadorTermico: An√°lisis de la temperatura por regresi√≥n lineal iniciado.
04/jul/2021 10:54:44,796- AnalizadorTermico: La predicci√≥n de temperatura dentro de 30 minutos ser√° de 24.74335905777116 seg√∫n el an√°lisis de regresi√≥n lineal.
04/jul/2021 10:54:44,796- AnalizadorTermico: La predicci√≥n de temperatura no ha superado el umbral 30.0¬∫C.

04/jul/2021 10:54:44,797- AnalizadorTermico: An√°lisis finalizado. Espere 15 segundos para comprobar si hay nuevos datos del sensor.
04/jul/2021 10:54:46,803- App: Espera de 15 segundos
04/jul/2021 10:56:31,925- App: Inicio del sistema
04/jul/2021 10:56:32,372- VentanaInicial: Creado el panel de la ventana gr√°fica inicial.
04/jul/2021 10:56:32,398- VentanaInicial: A√±adido bot√≥n para acceder a Grafana en la interfaz gr√°fica inicial.
04/jul/2021 10:56:32,398- VentanaInicial: A√±adido bot√≥n para ver en una ventana diferente las medidas guardadas de la temperatura.
04/jul/2021 10:56:32,414- VentanaInicial: A√±adido bot√≥n para guardar en un PDF las medidas de la temepratura que hay almacenadas en la base de datos.
04/jul/2021 10:56:32,414- VentanaInicial: A√±adido bot√≥n para calcular la tendencia de las medidas de temperatura seg√∫n la regresi√≥n lineal.
04/jul/2021 10:56:32,425- VentanaInicial: A√±adido bot√≥n para pausar el an√°lisis de las medidas de temepratura.
04/jul/2021 10:56:32,425- VentanaInicial: A√±adido bot√≥n para cambiar el umbral del an√°lisis de temeperatura.
04/jul/2021 10:56:32,425- VentanaInicial: A√±adido bot√≥n para guardar en un PDF la informaci√≥n de la ejecuci√≥n actual.
04/jul/2021 10:56:32,425- VentanaInicial: A√±adido bot√≥n para abrir la carpeta con los ficheros generados.
04/jul/2021 10:56:32,525- VentanaInicial: A√±adida a la ventana inicial el area de texto donde se visualizar√° la informaci√≥n de la ejecuci√≥n actual.
04/jul/2021 10:56:32,525- AnalizadorTermico: Umbral de temperatura configurado en 30.0 ¬∫C.
04/jul/2021 10:56:32,525- AnalizadorTermico: Nuevo analizador T√©rmico
04/jul/2021 10:56:32,541- App: A√±adido Analizador de temperatura a la lista de Analizadores.
04/jul/2021 10:56:35,667- VentanaInicial: Iniciando el sistema de an√°lisis de datos.
04/jul/2021 10:56:37,433- App: Conexi√≥n con la base de datos realizada correctamente.
04/jul/2021 10:56:37,433- App: Iniciando an√°lisis de la temperatura
04/jul/2021 10:56:37,433- App: Sentencia SQL SELECT a la base de datos de la medida temperatura
04/jul/2021 10:56:37,490- App: Inicio del an√°lisis de la temperatura
04/jul/2021 10:56:37,490- AnalizadorTermico: Iniciado el hilo del analizador de inercia t√©rmica.
04/jul/2021 10:56:37,490- AnalizadorTermico: Analizador T√©rmico esperando a que haya nuevos datos.
04/jul/2021 10:56:37,505- App: Primer An√°lisis T√©rmico.
04/jul/2021 10:56:37,505- App: Notificaci√≥n al Analizador de Temperatura para iniciar el c√°lculo de la tendencia.
04/jul/2021 10:56:37,505- App: Fechas de cada medida en formato double para el an√°lisis mediante la regresi√≥n lineal.
04/jul/2021 10:56:37,505- AnalizadorTermico: Analizador T√©rmico recibe notificaci√≥n de nuevos datos.
04/jul/2021 10:56:37,505- AnalizadorTermico: An√°lisis de la tendencia de la temperatura mediante la regresi√≥n lineal.
04/jul/2021 10:56:37,505- App: No hay nuevos datos de temperatura en la base de datos.
04/jul/2021 10:56:37,505- AnalizadorTermico: An√°lisis de la temperatura por regresi√≥n lineal iniciado.
04/jul/2021 10:56:37,521- AnalizadorTermico: La predicci√≥n de temperatura dentro de 30 minutos ser√° de 24.72366829892053 seg√∫n el an√°lisis de regresi√≥n lineal.
04/jul/2021 10:56:37,521- AnalizadorTermico: La predicci√≥n de temperatura no ha superado el umbral 30.0¬∫C.

04/jul/2021 10:56:37,521- AnalizadorTermico: An√°lisis finalizado. Espere 15 segundos para comprobar si hay nuevos datos del sensor.
04/jul/2021 10:56:39,513- App: Espera de 15 segundos
04/jul/2021 10:56:52,524- AnalizadorTermico: Analizador T√©rmico esperando a que haya nuevos datos.
04/jul/2021 10:56:54,616- App: Analizador de temperatura "durmiendo"
04/jul/2021 10:56:54,621- App: Nueva solicitud de datos para comprobar si hay datos nuevos.
04/jul/2021 10:56:54,621- App: Fechas de cada medida en formato double para el an√°lisis mediante la regresi√≥n lineal.
04/jul/2021 10:56:54,621- App: Hay datos nuevos del sensor. Comienza el An√°lisis T√©rmico.
04/jul/2021 10:56:54,621- App: Notificaci√≥n al Analizador de Temperatura para iniciar el c√°lculo de la tendencia.
04/jul/2021 10:56:54,621- AnalizadorTermico: Analizador T√©rmico recibe notificaci√≥n de nuevos datos.
04/jul/2021 10:56:54,621- AnalizadorTermico: An√°lisis de la tendencia de la temperatura mediante la regresi√≥n lineal.
04/jul/2021 10:56:54,621- AnalizadorTermico: An√°lisis de la temperatura por regresi√≥n lineal iniciado.
04/jul/2021 10:56:54,621- AnalizadorTermico: La predicci√≥n de temperatura dentro de 30 minutos ser√° de 24.838918707464472 seg√∫n el an√°lisis de regresi√≥n lineal.
04/jul/2021 10:56:54,621- AnalizadorTermico: La predicci√≥n de temperatura no ha superado el umbral 30.0¬∫C.

04/jul/2021 10:56:54,621- AnalizadorTermico: An√°lisis finalizado. Espere 15 segundos para comprobar si hay nuevos datos del sensor.
04/jul/2021 10:56:56,426- VentanaMuestraMedidas: Creado el panel de la ventana gr√°fica que muestra las medidas de temperatura.
04/jul/2021 10:56:56,431- VentanaMuestraMedidas: A√±adida a la ventana gr√°fica el area de texto donde se visualizar√°n las medidas de temperatura almacenadas.
04/jul/2021 10:56:56,469- App: Llamada a la funci√≥n que imprime la lista de los datos de temperatura almacenados.
04/jul/2021 10:56:56,484- App: Conexi√≥n con la base de datos realizada correctamente
04/jul/2021 10:56:56,486- App: Sentencia SQL SELECT a la base de datos de la medida temperatura
04/jul/2021 10:56:56,609- App: Lista de datos de temperatura almacenada en el sistema, lista para imprimir.
04/jul/2021 10:56:56,620- VentanaInicial: Medidas de Temperatura mostradas en la interfaz de usuario.
04/jul/2021 10:56:56,635- App: Espera de 15 segundos
04/jul/2021 10:57:09,643- AnalizadorTermico: Analizador T√©rmico esperando a que haya nuevos datos.
04/jul/2021 10:57:11,727- App: Analizador de temperatura "durmiendo"
04/jul/2021 10:57:11,738- App: Nueva solicitud de datos para comprobar si hay datos nuevos.
04/jul/2021 10:57:11,738- App: Fechas de cada medida en formato double para el an√°lisis mediante la regresi√≥n lineal.
04/jul/2021 10:57:11,741- App: No hay nuevos datos de temperatura en la base de datos.
04/jul/2021 10:57:13,754- App: Espera de 15 segundos
04/jul/2021 10:57:28,811- App: Analizador de temperatura "durmiendo"
04/jul/2021 10:57:28,820- App: Nueva solicitud de datos para comprobar si hay datos nuevos.
04/jul/2021 10:57:28,820- App: Fechas de cada medida en formato double para el an√°lisis mediante la regresi√≥n lineal.
04/jul/2021 10:57:28,820- App: No hay nuevos datos de temperatura en la base de datos.
04/jul/2021 10:57:30,825- App: Espera de 15 segundos
04/jul/2021 10:57:45,889- App: Analizador de temperatura "durmiendo"
04/jul/2021 10:57:45,981- App: Nueva solicitud de datos para comprobar si hay datos nuevos.
04/jul/2021 10:57:45,981- App: Fechas de cada medida en formato double para el an√°lisis mediante la regresi√≥n lineal.
04/jul/2021 10:57:45,986- App: Hay datos nuevos del sensor. Comienza el An√°lisis T√©rmico.
04/jul/2021 10:57:45,986- App: Notificaci√≥n al Analizador de Temperatura para iniciar el c√°lculo de la tendencia.
04/jul/2021 10:57:45,993- AnalizadorTermico: Analizador T√©rmico recibe notificaci√≥n de nuevos datos.
04/jul/2021 10:57:45,995- AnalizadorTermico: An√°lisis de la tendencia de la temperatura mediante la regresi√≥n lineal.
04/jul/2021 10:57:45,996- AnalizadorTermico: An√°lisis de la temperatura por regresi√≥n lineal iniciado.
04/jul/2021 10:57:45,997- AnalizadorTermico: La predicci√≥n de temperatura dentro de 30 minutos ser√° de 24.780034873074328 seg√∫n el an√°lisis de regresi√≥n lineal.
04/jul/2021 10:57:46,003- AnalizadorTermico: La predicci√≥n de temperatura no ha superado el umbral 30.0¬∫C.

04/jul/2021 10:57:46,015- AnalizadorTermico: An√°lisis finalizado. Espere 15 segundos para comprobar si hay nuevos datos del sensor.
04/jul/2021 10:57:50,407- App: Inicio del sistema
04/jul/2021 10:57:50,676- VentanaInicial: Creado el panel de la ventana gr√°fica inicial.
04/jul/2021 10:57:50,691- VentanaInicial: A√±adido bot√≥n para acceder a Grafana en la interfaz gr√°fica inicial.
04/jul/2021 10:57:50,691- VentanaInicial: A√±adido bot√≥n para ver en una ventana diferente las medidas guardadas de la temperatura.
04/jul/2021 10:57:50,691- VentanaInicial: A√±adido bot√≥n para guardar en un PDF las medidas de la temepratura que hay almacenadas en la base de datos.
04/jul/2021 10:57:50,691- VentanaInicial: A√±adido bot√≥n para calcular la tendencia de las medidas de temperatura seg√∫n la regresi√≥n lineal.
04/jul/2021 10:57:50,691- VentanaInicial: A√±adido bot√≥n para pausar el an√°lisis de las medidas de temepratura.
04/jul/2021 10:57:50,707- VentanaInicial: A√±adido bot√≥n para cambiar el umbral del an√°lisis de temeperatura.
04/jul/2021 10:57:50,707- VentanaInicial: A√±adido bot√≥n para guardar en un PDF la informaci√≥n de la ejecuci√≥n actual.
04/jul/2021 10:57:50,707- VentanaInicial: A√±adido bot√≥n para abrir la carpeta con los ficheros generados.
04/jul/2021 10:57:50,777- VentanaInicial: A√±adida a la ventana inicial el area de texto donde se visualizar√° la informaci√≥n de la ejecuci√≥n actual.
04/jul/2021 10:57:50,792- AnalizadorTermico: Umbral de temperatura configurado en 30.0 ¬∫C.
04/jul/2021 10:57:50,792- AnalizadorTermico: Nuevo analizador T√©rmico
04/jul/2021 10:57:50,792- App: A√±adido Analizador de temperatura a la lista de Analizadores.
04/jul/2021 10:57:53,968- VentanaMuestraMedidas: Creado el panel de la ventana gr√°fica que muestra las medidas de temperatura.
04/jul/2021 10:57:53,968- VentanaMuestraMedidas: A√±adida a la ventana gr√°fica el area de texto donde se visualizar√°n las medidas de temperatura almacenadas.
04/jul/2021 10:57:55,828- App: Llamada a la funci√≥n que imprime la lista de los datos de temperatura almacenados.
04/jul/2021 10:57:55,991- App: Conexi√≥n con la base de datos realizada correctamente
04/jul/2021 10:57:55,991- App: Sentencia SQL SELECT a la base de datos de la medida temperatura
04/jul/2021 10:57:56,074- App: Lista de datos de temperatura almacenada en el sistema, lista para imprimir.
04/jul/2021 10:57:56,087- VentanaInicial: Medidas de Temperatura mostradas en la interfaz de usuario.
04/jul/2021 11:00:20,802- App: Inicio del sistema
04/jul/2021 11:00:21,275- VentanaInicial: Creado el panel de la ventana gr√°fica inicial.
04/jul/2021 11:00:21,286- VentanaInicial: A√±adido bot√≥n para acceder a Grafana en la interfaz gr√°fica inicial.
04/jul/2021 11:00:21,286- VentanaInicial: A√±adido bot√≥n para ver en una ventana diferente las medidas guardadas de la temperatura.
04/jul/2021 11:00:21,286- VentanaInicial: A√±adido bot√≥n para guardar en un PDF las medidas de la temepratura que hay almacenadas en la base de datos.
04/jul/2021 11:00:21,286- VentanaInicial: A√±adido bot√≥n para calcular la tendencia de las medidas de temperatura seg√∫n la regresi√≥n lineal.
04/jul/2021 11:00:21,301- VentanaInicial: A√±adido bot√≥n para pausar el an√°lisis de las medidas de temepratura.
04/jul/2021 11:00:21,301- VentanaInicial: A√±adido bot√≥n para cambiar el umbral del an√°lisis de temeperatura.
04/jul/2021 11:00:21,301- VentanaInicial: A√±adido bot√≥n para guardar en un PDF la informaci√≥n de la ejecuci√≥n actual.
04/jul/2021 11:00:21,301- VentanaInicial: A√±adido bot√≥n para abrir la carpeta con los ficheros generados.
04/jul/2021 11:00:21,419- VentanaInicial: A√±adida a la ventana inicial el area de texto donde se visualizar√° la informaci√≥n de la ejecuci√≥n actual.
04/jul/2021 11:00:21,419- AnalizadorTermico: Umbral de temperatura configurado en 30.0 ¬∫C.
04/jul/2021 11:00:21,419- AnalizadorTermico: Nuevo analizador T√©rmico
04/jul/2021 11:00:21,419- App: A√±adido Analizador de temperatura a la lista de Analizadores.
04/jul/2021 11:01:06,477- App: Inicio del sistema
04/jul/2021 11:01:06,885- VentanaInicial: Creado el panel de la ventana gr√°fica inicial.
04/jul/2021 11:01:06,896- VentanaInicial: A√±adido bot√≥n para acceder a Grafana en la interfaz gr√°fica inicial.
04/jul/2021 11:01:06,896- VentanaInicial: A√±adido bot√≥n para ver en una ventana diferente las medidas guardadas de la temperatura.
04/jul/2021 11:01:06,896- VentanaInicial: A√±adido bot√≥n para guardar en un PDF las medidas de la temepratura que hay almacenadas en la base de datos.
04/jul/2021 11:01:06,896- VentanaInicial: A√±adido bot√≥n para calcular la tendencia de las medidas de temperatura seg√∫n la regresi√≥n lineal.
04/jul/2021 11:01:06,911- VentanaInicial: A√±adido bot√≥n para pausar el an√°lisis de las medidas de temepratura.
04/jul/2021 11:01:06,911- VentanaInicial: A√±adido bot√≥n para cambiar el umbral del an√°lisis de temeperatura.
04/jul/2021 11:01:06,911- VentanaInicial: A√±adido bot√≥n para guardar en un PDF la informaci√≥n de la ejecuci√≥n actual.
04/jul/2021 11:01:06,911- VentanaInicial: A√±adido bot√≥n para abrir la carpeta con los ficheros generados.
04/jul/2021 11:01:07,001- VentanaInicial: A√±adida a la ventana inicial el area de texto donde se visualizar√° la informaci√≥n de la ejecuci√≥n actual.
04/jul/2021 11:01:07,001- AnalizadorTermico: Umbral de temperatura configurado en 30.0 ¬∫C.
04/jul/2021 11:01:07,001- AnalizadorTermico: Nuevo analizador T√©rmico
04/jul/2021 11:01:07,001- App: A√±adido Analizador de temperatura a la lista de Analizadores.
04/jul/2021 11:01:09,062- VentanaMuestraMedidas: Creado el panel de la ventana gr√°fica que muestra las medidas de temperatura.
04/jul/2021 11:01:09,076- VentanaMuestraMedidas: A√±adida a la ventana gr√°fica el area de texto donde se visualizar√°n las medidas de temperatura almacenadas.
04/jul/2021 11:01:10,880- App: Llamada a la funci√≥n que imprime la lista de los datos de temperatura almacenados.
04/jul/2021 11:01:11,218- App: Conexi√≥n con la base de datos realizada correctamente
04/jul/2021 11:01:11,218- App: Sentencia SQL SELECT a la base de datos de la medida temperatura
04/jul/2021 11:01:11,563- App: Lista de datos de temperatura almacenada en el sistema, lista para imprimir.
04/jul/2021 11:01:11,586- VentanaInicial: Medidas de Temperatura mostradas en la interfaz de usuario.
04/jul/2021 11:01:35,471- App: Inicio del sistema
04/jul/2021 11:01:36,056- VentanaInicial: Creado el panel de la ventana gr√°fica inicial.
04/jul/2021 11:01:36,072- VentanaInicial: A√±adido bot√≥n para acceder a Grafana en la interfaz gr√°fica inicial.
04/jul/2021 11:01:36,072- VentanaInicial: A√±adido bot√≥n para ver en una ventana diferente las medidas guardadas de la temperatura.
04/jul/2021 11:01:36,072- VentanaInicial: A√±adido bot√≥n para guardar en un PDF las medidas de la temepratura que hay almacenadas en la base de datos.
04/jul/2021 11:01:36,072- VentanaInicial: A√±adido bot√≥n para calcular la tendencia de las medidas de temperatura seg√∫n la regresi√≥n lineal.
04/jul/2021 11:01:36,089- VentanaInicial: A√±adido bot√≥n para pausar el an√°lisis de las medidas de temepratura.
04/jul/2021 11:01:36,089- VentanaInicial: A√±adido bot√≥n para cambiar el umbral del an√°lisis de temeperatura.
04/jul/2021 11:01:36,089- VentanaInicial: A√±adido bot√≥n para guardar en un PDF la informaci√≥n de la ejecuci√≥n actual.
04/jul/2021 11:01:36,094- VentanaInicial: A√±adido bot√≥n para abrir la carpeta con los ficheros generados.
04/jul/2021 11:01:36,194- VentanaInicial: A√±adida a la ventana inicial el area de texto donde se visualizar√° la informaci√≥n de la ejecuci√≥n actual.
04/jul/2021 11:01:36,211- AnalizadorTermico: Umbral de temperatura configurado en 30.0 ¬∫C.
04/jul/2021 11:01:36,211- AnalizadorTermico: Nuevo analizador T√©rmico
04/jul/2021 11:01:36,211- App: A√±adido Analizador de temperatura a la lista de Analizadores.
04/jul/2021 11:01:38,030- VentanaMuestraMedidas: Creado el panel de la ventana gr√°fica que muestra las medidas de temperatura.
04/jul/2021 11:01:38,042- VentanaMuestraMedidas: A√±adida a la ventana gr√°fica el area de texto donde se visualizar√°n las medidas de temperatura almacenadas.
04/jul/2021 11:01:39,917- App: Llamada a la funci√≥n que imprime la lista de los datos de temperatura almacenados.
04/jul/2021 11:01:40,094- App: Conexi√≥n con la base de datos realizada correctamente
04/jul/2021 11:01:40,094- App: Sentencia SQL SELECT a la base de datos de la medida temperatura
04/jul/2021 11:01:40,204- App: Lista de datos de temperatura almacenada en el sistema, lista para imprimir.
04/jul/2021 11:01:40,219- VentanaInicial: Medidas de Temperatura mostradas en la interfaz de usuario.
04/jul/2021 11:01:59,127- App: Inicio del sistema
04/jul/2021 11:01:59,358- VentanaInicial: Creado el panel de la ventana gr√°fica inicial.
04/jul/2021 11:01:59,368- VentanaInicial: A√±adido bot√≥n para acceder a Grafana en la interfaz gr√°fica inicial.
04/jul/2021 11:01:59,369- VentanaInicial: A√±adido bot√≥n para ver en una ventana diferente las medidas guardadas de la temperatura.
04/jul/2021 11:01:59,369- VentanaInicial: A√±adido bot√≥n para guardar en un PDF las medidas de la temepratura que hay almacenadas en la base de datos.
04/jul/2021 11:01:59,374- VentanaInicial: A√±adido bot√≥n para calcular la tendencia de las medidas de temperatura seg√∫n la regresi√≥n lineal.
04/jul/2021 11:01:59,375- VentanaInicial: A√±adido bot√≥n para pausar el an√°lisis de las medidas de temepratura.
04/jul/2021 11:01:59,375- VentanaInicial: A√±adido bot√≥n para cambiar el umbral del an√°lisis de temeperatura.
04/jul/2021 11:01:59,375- VentanaInicial: A√±adido bot√≥n para guardar en un PDF la informaci√≥n de la ejecuci√≥n actual.
04/jul/2021 11:01:59,375- VentanaInicial: A√±adido bot√≥n para abrir la carpeta con los ficheros generados.
04/jul/2021 11:01:59,406- VentanaInicial: A√±adida a la ventana inicial el area de texto donde se visualizar√° la informaci√≥n de la ejecuci√≥n actual.
04/jul/2021 11:01:59,421- AnalizadorTermico: Umbral de temperatura configurado en 30.0 ¬∫C.
04/jul/2021 11:01:59,421- AnalizadorTermico: Nuevo analizador T√©rmico
04/jul/2021 11:01:59,421- App: A√±adido Analizador de temperatura a la lista de Analizadores.
04/jul/2021 11:02:01,190- VentanaMuestraMedidas: Creado el panel de la ventana gr√°fica que muestra las medidas de temperatura.
04/jul/2021 11:02:01,202- VentanaMuestraMedidas: A√±adida a la ventana gr√°fica el area de texto donde se visualizar√°n las medidas de temperatura almacenadas.
04/jul/2021 11:02:02,952- App: Llamada a la funci√≥n que imprime la lista de los datos de temperatura almacenados.
04/jul/2021 11:02:03,085- App: Conexi√≥n con la base de datos realizada correctamente
04/jul/2021 11:02:03,085- App: Sentencia SQL SELECT a la base de datos de la medida temperatura
04/jul/2021 11:02:03,195- App: Lista de datos de temperatura almacenada en el sistema, lista para imprimir.
04/jul/2021 11:02:03,215- VentanaInicial: Medidas de Temperatura mostradas en la interfaz de usuario.
04/jul/2021 11:02:14,484- App: Inicio del sistema
04/jul/2021 11:02:14,654- VentanaInicial: Creado el panel de la ventana gr√°fica inicial.
04/jul/2021 11:02:14,654- VentanaInicial: A√±adido bot√≥n para acceder a Grafana en la interfaz gr√°fica inicial.
04/jul/2021 11:02:14,669- VentanaInicial: A√±adido bot√≥n para ver en una ventana diferente las medidas guardadas de la temperatura.
04/jul/2021 11:02:14,669- VentanaInicial: A√±adido bot√≥n para guardar en un PDF las medidas de la temepratura que hay almacenadas en la base de datos.
04/jul/2021 11:02:14,669- VentanaInicial: A√±adido bot√≥n para calcular la tendencia de las medidas de temperatura seg√∫n la regresi√≥n lineal.
04/jul/2021 11:02:14,669- VentanaInicial: A√±adido bot√≥n para pausar el an√°lisis de las medidas de temepratura.
04/jul/2021 11:02:14,669- VentanaInicial: A√±adido bot√≥n para cambiar el umbral del an√°lisis de temeperatura.
04/jul/2021 11:02:14,669- VentanaInicial: A√±adido bot√≥n para guardar en un PDF la informaci√≥n de la ejecuci√≥n actual.
04/jul/2021 11:02:14,669- VentanaInicial: A√±adido bot√≥n para abrir la carpeta con los ficheros generados.
04/jul/2021 11:02:14,754- VentanaInicial: A√±adida a la ventana inicial el area de texto donde se visualizar√° la informaci√≥n de la ejecuci√≥n actual.
04/jul/2021 11:02:14,770- AnalizadorTermico: Umbral de temperatura configurado en 30.0 ¬∫C.
04/jul/2021 11:02:14,770- AnalizadorTermico: Nuevo analizador T√©rmico
04/jul/2021 11:02:14,770- App: A√±adido Analizador de temperatura a la lista de Analizadores.
04/jul/2021 11:02:17,540- VentanaMuestraMedidas: Creado el panel de la ventana gr√°fica que muestra las medidas de temperatura.
04/jul/2021 11:02:17,559- VentanaMuestraMedidas: A√±adida a la ventana gr√°fica el area de texto donde se visualizar√°n las medidas de temperatura almacenadas.
04/jul/2021 11:02:19,234- App: Llamada a la funci√≥n que imprime la lista de los datos de temperatura almacenados.
04/jul/2021 11:02:19,396- App: Conexi√≥n con la base de datos realizada correctamente
04/jul/2021 11:02:19,396- App: Sentencia SQL SELECT a la base de datos de la medida temperatura
04/jul/2021 11:02:19,496- App: Lista de datos de temperatura almacenada en el sistema, lista para imprimir.
04/jul/2021 11:02:19,511- VentanaInicial: Medidas de Temperatura mostradas en la interfaz de usuario.
04/jul/2021 11:05:30,821- App: Inicio del sistema
04/jul/2021 11:05:31,022- VentanaInicial: Creado el panel de la ventana gr√°fica inicial.
04/jul/2021 11:05:31,022- VentanaInicial: A√±adido bot√≥n para acceder a Grafana en la interfaz gr√°fica inicial.
04/jul/2021 11:05:31,022- VentanaInicial: A√±adido bot√≥n para ver en una ventana diferente las medidas guardadas de la temperatura.
04/jul/2021 11:05:31,022- VentanaInicial: A√±adido bot√≥n para guardar en un PDF las medidas de la temepratura que hay almacenadas en la base de datos.
04/jul/2021 11:05:31,022- VentanaInicial: A√±adido bot√≥n para calcular la tendencia de las medidas de temperatura seg√∫n la regresi√≥n lineal.
04/jul/2021 11:05:31,037- VentanaInicial: A√±adido bot√≥n para pausar el an√°lisis de las medidas de temepratura.
04/jul/2021 11:05:31,037- VentanaInicial: A√±adido bot√≥n para cambiar el umbral del an√°lisis de temeperatura.
04/jul/2021 11:05:31,037- VentanaInicial: A√±adido bot√≥n para guardar en un PDF la informaci√≥n de la ejecuci√≥n actual.
04/jul/2021 11:05:31,037- VentanaInicial: A√±adido bot√≥n para abrir la carpeta con los ficheros generados.
04/jul/2021 11:05:31,069- VentanaInicial: A√±adida a la ventana inicial el area de texto donde se visualizar√° la informaci√≥n de la ejecuci√≥n actual.
04/jul/2021 11:05:31,086- AnalizadorTermico: Umbral de temperatura configurado en 30.0 ¬∫C.
04/jul/2021 11:05:31,086- AnalizadorTermico: Nuevo analizador T√©rmico
04/jul/2021 11:05:31,086- App: A√±adido Analizador de temperatura a la lista de Analizadores.
04/jul/2021 11:05:33,632- VentanaMuestraMedidas: Creado el panel de la ventana gr√°fica que muestra las medidas de temperatura.
04/jul/2021 11:05:33,648- VentanaMuestraMedidas: A√±adida a la ventana gr√°fica el area de texto donde se visualizar√°n las medidas de temperatura almacenadas.
04/jul/2021 11:05:35,118- App: Llamada a la funci√≥n que imprime la lista de los datos de temperatura almacenados.
04/jul/2021 11:05:35,233- App: Conexi√≥n con la base de datos realizada correctamente
04/jul/2021 11:05:35,233- App: Sentencia SQL SELECT a la base de datos de la medida temperatura
04/jul/2021 11:05:35,319- App: Lista de datos de temperatura almacenada en el sistema, lista para imprimir.
04/jul/2021 11:05:35,334- VentanaInicial: Medidas de Temperatura mostradas en la interfaz de usuario.
04/jul/2021 11:06:21,835- VentanaInicial: Solicitud para crear el fichero pdf con las medidas de las temperaturas.
04/jul/2021 11:06:22,235- App: Llamada a la funci√≥n que imprime la lista de los datos de temperatura almacenados.
04/jul/2021 11:06:22,242- App: Conexi√≥n con la base de datos realizada correctamente
04/jul/2021 11:06:22,242- App: Sentencia SQL SELECT a la base de datos de la medida temperatura
04/jul/2021 11:06:22,305- App: Lista de datos de temperatura almacenada en el sistema, lista para imprimir.
04/jul/2021 11:06:22,567- App: PDF con las medidas de las temperaturas generado correctamente en la carpeta: "C:\Users\mrrtr\eclipse-workspace\tfg\ficheros" .
04/jul/2021 11:07:19,410- VentanaInicial: Solicitud para generar el archivo PDF con la informaci√≥n de la ejecuci√≥n actual.
04/jul/2021 11:07:19,417- App: PDF con la informacion de la ejecucion generado correctamente en la carpeta: "C:\Users\mrrtr\eclipse-workspace\tfg\ficheros" .
04/jul/2021 11:07:55,677- App: Inicio del sistema
04/jul/2021 11:07:55,899- VentanaInicial: Creado el panel de la ventana gr·fica inicial.
04/jul/2021 11:07:55,899- VentanaInicial: AÒadido botÛn para acceder a Grafana en la interfaz gr·fica inicial.
04/jul/2021 11:07:55,915- VentanaInicial: AÒadido botÛn para ver en una ventana diferente las medidas guardadas de la temperatura.
04/jul/2021 11:07:55,915- VentanaInicial: AÒadido botÛn para guardar en un PDF las medidas de la temepratura que hay almacenadas en la base de datos.
04/jul/2021 11:07:55,915- VentanaInicial: AÒadido botÛn para calcular la tendencia de las medidas de temperatura seg˙n la regresiÛn lineal.
04/jul/2021 11:07:55,915- VentanaInicial: AÒadido botÛn para pausar el an·lisis de las medidas de temepratura.
04/jul/2021 11:07:55,915- VentanaInicial: AÒadido botÛn para cambiar el umbral del an·lisis de temeperatura.
04/jul/2021 11:07:55,915- VentanaInicial: AÒadido botÛn para guardar en un PDF la informaciÛn de la ejecuciÛn actual.
04/jul/2021 11:07:55,915- VentanaInicial: AÒadido botÛn para abrir la carpeta con los ficheros generados.
04/jul/2021 11:07:55,962- VentanaInicial: AÒadida a la ventana inicial el area de texto donde se visualizar· la informaciÛn de la ejecuciÛn actual.
04/jul/2021 11:07:55,962- AnalizadorTermico: Umbral de temperatura configurado en 30.0 ∫C.
04/jul/2021 11:07:55,962- AnalizadorTermico: Nuevo analizador TÈrmico
04/jul/2021 11:07:55,962- App: AÒadido Analizador de temperatura a la lista de Analizadores.
